<?xml version="1.0" encoding="UTF-8"?>
<!-- Generated by org.testng.reporters.JUnitReportReporter -->
<testsuite hostname="ATLT1052" name="com.automation.qa.testrunner.Testrunner" tests="1" failures="0" timestamp="17 Jul 2019 10:29:22 GMT" time="18.950" errors="0">
  <testcase name="add" time="18.950" classname="com.automation.qa.testrunner.Testrunner"/>
</testsuite> <!-- com.automation.qa.testrunner.Testrunner -->
